<?xml version="1.0" encoding="UTF-8"?>
<testng-results skipped="0" failed="0" ignored="0" total="1" passed="1">
  <reporter-output>
  </reporter-output>
  <suite name="Default suite" duration-ms="19393" started-at="2021-10-07T10:42:13 IST" finished-at="2021-10-07T10:42:32 IST">
    <groups>
    </groups>
    <test name="Default test" duration-ms="19393" started-at="2021-10-07T10:42:13 IST" finished-at="2021-10-07T10:42:32 IST">
      <class name="basics.CheckBoxEg">
        <test-method status="PASS" signature="OpenBrowser()[pri:0, instance:basics.CheckBoxEg@6ebc05a6]" name="OpenBrowser" is-config="true" duration-ms="18527" started-at="2021-10-07T10:42:13 IST" finished-at="2021-10-07T10:42:31 IST">
          <reporter-output>
          </reporter-output>
        </test-method> <!-- OpenBrowser -->
        <test-method status="PASS" signature="CheckBox()[pri:0, instance:basics.CheckBoxEg@6ebc05a6]" name="CheckBox" duration-ms="785" started-at="2021-10-07T10:42:31 IST" finished-at="2021-10-07T10:42:32 IST">
          <reporter-output>
          </reporter-output>
        </test-method> <!-- CheckBox -->
      </class> <!-- basics.CheckBoxEg -->
    </test> <!-- Default test -->
  </suite> <!-- Default suite -->
</testng-results>
