<?xml version="1.0" encoding="UTF-8"?>
<testng-results skipped="0" failed="1" ignored="0" total="2" passed="1">
  <reporter-output>
  </reporter-output>
  <suite name="Default suite" duration-ms="1108" started-at="2021-06-14T11:17:01 IST" finished-at="2021-06-14T11:17:02 IST">
    <groups>
    </groups>
    <test name="Default test" duration-ms="1108" started-at="2021-06-14T11:17:01 IST" finished-at="2021-06-14T11:17:02 IST">
      <class name="handsOnSelenium.AlwaysRunTestNG">
        <test-method status="FAIL" signature="WaitForPromotion()[pri:0, instance:handsOnSelenium.AlwaysRunTestNG@551aa95a]" name="WaitForPromotion" duration-ms="1017" started-at="2021-06-14T11:17:01 IST" finished-at="2021-06-14T11:17:02 IST">
          <exception class="org.testng.internal.thread.ThreadTimeoutException">
            <message>
              <![CDATA[Method handsOnSelenium.AlwaysRunTestNG.WaitForPromotion() didn't finish within the time-out 1000]]>
            </message>
            <full-stacktrace>
              <![CDATA[org.testng.internal.thread.ThreadTimeoutException: Method handsOnSelenium.AlwaysRunTestNG.WaitForPromotion() didn't finish within the time-out 1000
at org.testng.internal.MethodInvocationHelper.invokeWithTimeoutWithNewExecutor(MethodInvocationHelper.java:371)
at org.testng.internal.MethodInvocationHelper.invokeWithTimeout(MethodInvocationHelper.java:282)
at org.testng.internal.TestInvoker.invokeMethod(TestInvoker.java:605)
at org.testng.internal.TestInvoker.invokeTestMethod(TestInvoker.java:174)
at org.testng.internal.MethodRunner.runInSequence(MethodRunner.java:46)
at org.testng.internal.TestInvoker$MethodInvocationAgent.invoke(TestInvoker.java:822)
at org.testng.internal.TestInvoker.invokeTestMethods(TestInvoker.java:147)
at org.testng.internal.TestMethodWorker.invokeTestMethods(TestMethodWorker.java:146)
at org.testng.internal.TestMethodWorker.run(TestMethodWorker.java:128)
at java.util.ArrayList.forEach(Unknown Source)
at org.testng.TestRunner.privateRun(TestRunner.java:764)
at org.testng.TestRunner.run(TestRunner.java:585)
at org.testng.SuiteRunner.runTest(SuiteRunner.java:384)
at org.testng.SuiteRunner.runSequentially(SuiteRunner.java:378)
at org.testng.SuiteRunner.privateRun(SuiteRunner.java:337)
at org.testng.SuiteRunner.run(SuiteRunner.java:286)
at org.testng.SuiteRunnerWorker.runSuite(SuiteRunnerWorker.java:53)
at org.testng.SuiteRunnerWorker.run(SuiteRunnerWorker.java:96)
at org.testng.TestNG.runSuitesSequentially(TestNG.java:1218)
at org.testng.TestNG.runSuitesLocally(TestNG.java:1140)
at org.testng.TestNG.runSuites(TestNG.java:1069)
at org.testng.TestNG.run(TestNG.java:1037)
at org.testng.remote.AbstractRemoteTestNG.run(AbstractRemoteTestNG.java:115)
at org.testng.remote.RemoteTestNG.initAndRun(RemoteTestNG.java:251)
at org.testng.remote.RemoteTestNG.main(RemoteTestNG.java:77)
]]>
            </full-stacktrace>
          </exception> <!-- org.testng.internal.thread.ThreadTimeoutException -->
          <reporter-output>
          </reporter-output>
        </test-method> <!-- WaitForPromotion -->
        <test-method status="PASS" signature="SwithCompany()[pri:0, instance:handsOnSelenium.AlwaysRunTestNG@551aa95a]" name="SwithCompany" duration-ms="5" started-at="2021-06-14T11:17:02 IST" depends-on-methods="handsOnSelenium.AlwaysRunTestNG.WaitForPromotion" finished-at="2021-06-14T11:17:02 IST">
          <reporter-output>
          </reporter-output>
        </test-method> <!-- SwithCompany -->
      </class> <!-- handsOnSelenium.AlwaysRunTestNG -->
    </test> <!-- Default test -->
  </suite> <!-- Default suite -->
</testng-results>
